<?xml version="1.0" encoding="UTF-8"?>
<testsuite name="com.example.ymeqpvuunrfubnfukxtd.YmeqpvuunrfubnfukxtdApplicationTests" tests="4" skipped="0" failures="0" errors="0" timestamp="2023-11-23T08:57:02" hostname="DESKTOP-ACP8Q48" time="0.864">
  <properties/>
  <testcase name="testPhoneNumber()" classname="com.example.ymeqpvuunrfubnfukxtd.YmeqpvuunrfubnfukxtdApplicationTests" time="0.806"/>
  <testcase name="testDate()" classname="com.example.ymeqpvuunrfubnfukxtd.YmeqpvuunrfubnfukxtdApplicationTests" time="0.027"/>
  <testcase name="testName()" classname="com.example.ymeqpvuunrfubnfukxtd.YmeqpvuunrfubnfukxtdApplicationTests" time="0.008"/>
  <testcase name="contextLoads()" classname="com.example.ymeqpvuunrfubnfukxtd.YmeqpvuunrfubnfukxtdApplicationTests" time="0.007"/>
  <system-out><![CDATA[14:56:53.692 [Test worker] INFO org.springframework.test.context.support.AnnotationConfigContextLoaderUtils -- Could not detect default configuration classes for test class [com.example.ymeqpvuunrfubnfukxtd.YmeqpvuunrfubnfukxtdApplicationTests]: YmeqpvuunrfubnfukxtdApplicationTests does not declare any static, non-private, non-final, nested classes annotated with @Configuration.
14:56:54.491 [Test worker] INFO org.springframework.boot.test.context.SpringBootTestContextBootstrapper -- Found @SpringBootConfiguration com.example.ymeqpvuunrfubnfukxtd.YmeqpvuunrfubnfukxtdApplication for test class com.example.ymeqpvuunrfubnfukxtd.YmeqpvuunrfubnfukxtdApplicationTests

  .   ____          _            __ _ _
 /\\ / ___'_ __ _ _(_)_ __  __ _ \ \ \ \
( ( )\___ | '_ | '_| | '_ \/ _` | \ \ \ \
 \\/  ___)| |_)| | | | | || (_| |  ) ) ) )
  '  |____| .__|_| |_|_| |_\__, | / / / /
 =========|_|==============|___/=/_/_/_/
 :: Spring Boot ::                (v3.1.5)

2023-11-23T14:56:55.203+06:00  INFO 8956 --- [    Test worker] e.y.YmeqpvuunrfubnfukxtdApplicationTests : Starting YmeqpvuunrfubnfukxtdApplicationTests using Java 20.0.1 with PID 8956 (started by User in C:\Users\User\Desktop\Java greetgo work\P1\ymeqpvuunrfubnfukxtd)
2023-11-23T14:56:55.205+06:00  INFO 8956 --- [    Test worker] e.y.YmeqpvuunrfubnfukxtdApplicationTests : No active profile set, falling back to 1 default profile: "default"
2023-11-23T14:56:56.381+06:00  INFO 8956 --- [    Test worker] .s.d.r.c.RepositoryConfigurationDelegate : Multiple Spring Data modules found, entering strict repository configuration mode
2023-11-23T14:56:56.384+06:00  INFO 8956 --- [    Test worker] .s.d.r.c.RepositoryConfigurationDelegate : Bootstrapping Spring Data JPA repositories in DEFAULT mode.
2023-11-23T14:56:56.444+06:00  INFO 8956 --- [    Test worker] .RepositoryConfigurationExtensionSupport : Spring Data JPA - Could not safely identify store assignment for repository candidate interface com.example.ymeqpvuunrfubnfukxtd.repository.CallOneMongoRepository; If you want this repository to be a JPA repository, consider annotating your entities with one of these annotations: jakarta.persistence.Entity, jakarta.persistence.MappedSuperclass (preferred), or consider extending one of the following types with your repository: org.springframework.data.jpa.repository.JpaRepository
2023-11-23T14:56:56.485+06:00  INFO 8956 --- [    Test worker] .s.d.r.c.RepositoryConfigurationDelegate : Finished Spring Data repository scanning in 89 ms. Found 1 JPA repository interfaces.
2023-11-23T14:56:56.542+06:00  INFO 8956 --- [    Test worker] .s.d.r.c.RepositoryConfigurationDelegate : Multiple Spring Data modules found, entering strict repository configuration mode
2023-11-23T14:56:56.542+06:00  INFO 8956 --- [    Test worker] .s.d.r.c.RepositoryConfigurationDelegate : Bootstrapping Spring Data MongoDB repositories in DEFAULT mode.
2023-11-23T14:56:56.553+06:00  INFO 8956 --- [    Test worker] .RepositoryConfigurationExtensionSupport : Spring Data MongoDB - Could not safely identify store assignment for repository candidate interface com.example.ymeqpvuunrfubnfukxtd.repository.CallOneRepository; If you want this repository to be a MongoDB repository, consider annotating your entities with one of these annotations: org.springframework.data.mongodb.core.mapping.Document (preferred), or consider extending one of the following types with your repository: org.springframework.data.mongodb.repository.MongoRepository
2023-11-23T14:56:56.562+06:00  INFO 8956 --- [    Test worker] .s.d.r.c.RepositoryConfigurationDelegate : Finished Spring Data repository scanning in 19 ms. Found 1 MongoDB repository interfaces.
2023-11-23T14:56:57.233+06:00  INFO 8956 --- [    Test worker] o.hibernate.jpa.internal.util.LogHelper  : HHH000204: Processing PersistenceUnitInfo [name: default]
2023-11-23T14:56:57.364+06:00  INFO 8956 --- [    Test worker] org.hibernate.Version                    : HHH000412: Hibernate ORM core version 6.2.13.Final
2023-11-23T14:56:57.368+06:00  INFO 8956 --- [    Test worker] org.hibernate.cfg.Environment            : HHH000406: Using bytecode reflection optimizer
2023-11-23T14:56:57.892+06:00  INFO 8956 --- [    Test worker] o.s.o.j.p.SpringPersistenceUnitInfo      : No LoadTimeWeaver setup: ignoring JPA class transformer
2023-11-23T14:56:57.939+06:00  INFO 8956 --- [    Test worker] com.zaxxer.hikari.HikariDataSource       : HikariPool-1 - Starting...
2023-11-23T14:56:58.314+06:00  INFO 8956 --- [    Test worker] com.zaxxer.hikari.pool.HikariPool        : HikariPool-1 - Added connection org.postgresql.jdbc.PgConnection@79f1e22e
2023-11-23T14:56:58.318+06:00  INFO 8956 --- [    Test worker] com.zaxxer.hikari.HikariDataSource       : HikariPool-1 - Start completed.
2023-11-23T14:56:58.401+06:00  WARN 8956 --- [    Test worker] org.hibernate.orm.deprecation            : HHH90000025: PostgreSQLDialect does not need to be specified explicitly using 'hibernate.dialect' (remove the property setting and it will be selected by default)
2023-11-23T14:56:59.931+06:00  INFO 8956 --- [    Test worker] o.h.e.t.j.p.i.JtaPlatformInitiator       : HHH000489: No JTA platform available (set 'hibernate.transaction.jta.platform' to enable JTA platform integration)
2023-11-23T14:57:00.049+06:00  INFO 8956 --- [    Test worker] j.LocalContainerEntityManagerFactoryBean : Initialized JPA EntityManagerFactory for persistence unit 'default'
2023-11-23T14:57:00.333+06:00  INFO 8956 --- [    Test worker] org.mongodb.driver.client                : MongoClient with metadata {"driver": {"name": "mongo-java-driver|sync|spring-boot", "version": "4.9.1"}, "os": {"type": "Windows", "name": "Windows 10", "architecture": "amd64", "version": "10.0"}, "platform": "Java/Oracle Corporation/20.0.1+9-29"} created with settings MongoClientSettings{readPreference=primary, writeConcern=WriteConcern{w=null, wTimeout=null ms, journal=null}, retryWrites=true, retryReads=true, readConcern=ReadConcern{level=null}, credential=null, streamFactoryFactory=null, commandListeners=[], codecRegistry=ProvidersCodecRegistry{codecProviders=[ValueCodecProvider{}, BsonValueCodecProvider{}, DBRefCodecProvider{}, DBObjectCodecProvider{}, DocumentCodecProvider{}, CollectionCodecProvider{}, IterableCodecProvider{}, MapCodecProvider{}, GeoJsonCodecProvider{}, GridFSFileCodecProvider{}, Jsr310CodecProvider{}, JsonObjectCodecProvider{}, BsonCodecProvider{}, EnumCodecProvider{}, com.mongodb.client.model.mql.ExpressionCodecProvider@361d8567, com.mongodb.Jep395RecordCodecProvider@3fd6dfbc]}, loggerSettings=LoggerSettings{maxDocumentLength=1000}, clusterSettings={hosts=[localhost:27017], srvServiceName=mongodb, mode=SINGLE, requiredClusterType=UNKNOWN, requiredReplicaSetName='null', serverSelector='null', clusterListeners='[]', serverSelectionTimeout='30000 ms', localThreshold='30000 ms'}, socketSettings=SocketSettings{connectTimeoutMS=10000, readTimeoutMS=0, receiveBufferSize=0, sendBufferSize=0}, heartbeatSocketSettings=SocketSettings{connectTimeoutMS=10000, readTimeoutMS=10000, receiveBufferSize=0, sendBufferSize=0}, connectionPoolSettings=ConnectionPoolSettings{maxSize=100, minSize=0, maxWaitTimeMS=120000, maxConnectionLifeTimeMS=0, maxConnectionIdleTimeMS=0, maintenanceInitialDelayMS=0, maintenanceFrequencyMS=60000, connectionPoolListeners=[], maxConnecting=2}, serverSettings=ServerSettings{heartbeatFrequencyMS=10000, minHeartbeatFrequencyMS=500, serverListeners='[]', serverMonitorListeners='[]'}, sslSettings=SslSettings{enabled=false, invalidHostNameAllowed=false, context=null}, applicationName='null', compressorList=[], uuidRepresentation=JAVA_LEGACY, serverApi=null, autoEncryptionSettings=null, contextProvider=null}
2023-11-23T14:57:00.415+06:00  INFO 8956 --- [localhost:27017] org.mongodb.driver.cluster               : Monitor thread successfully connected to server with description ServerDescription{address=localhost:27017, type=STANDALONE, state=CONNECTED, ok=true, minWireVersion=0, maxWireVersion=21, maxDocumentSize=16777216, logicalSessionTimeoutMinutes=30, roundTripTimeNanos=103307501}
2023-11-23T14:57:02.079+06:00  INFO 8956 --- [    Test worker] e.y.YmeqpvuunrfubnfukxtdApplicationTests : Started YmeqpvuunrfubnfukxtdApplicationTests in 7.326 seconds (process running for 9.874)
]]></system-out>
  <system-err><![CDATA[]]></system-err>
</testsuite>
